<?xml version="1.0" encoding="UTF-8"?>
<!-- Generated by org.testng.reporters.JUnitReportReporter -->
<testsuite hostname="EC2AMAZ-S11DBRH" failures="0" tests="2" name="testngscripts.googlepagetest" time="15.862" errors="0" timestamp="2023-08-17T05:59:53 GMT" skipped="0">
  <testcase classname="testngscripts.googlepagetest" name="searchJavaTest" time="7.764"/>
  <system-out/>
  <testcase classname="testngscripts.googlepagetest" name="searchJavaTestOne" time="8.098"/>
  <system-out/>
</testsuite> <!-- testngscripts.googlepagetest -->
