<?xml version="1.0" encoding="UTF-8"?>
<!-- Generated by org.testng.reporters.JUnitReportReporter -->
<testsuite hostname="EC2AMAZ-S11DBRH" failures="0" tests="1" name="parallelScripts.SamoleOneTest" time="10.750" errors="0" timestamp="2023-08-18T06:02:38 GMT" skipped="0">
  <testcase classname="parallelScripts.SamoleOneTest" name="searchCypressTest" time="10.750"/>
  <system-out/>
</testsuite> <!-- parallelScripts.SamoleOneTest -->
